2022-05-27 18:40:27,202 DEBUG (?:?)- Application started with classpath: unknown
2022-05-27 18:40:27,307 DEBUG (?:?)- Logging Provider: org.jboss.logging.Log4j2LoggerProvider
2022-05-27 18:40:27,309 INFO (?:?)- HV000001: Hibernate Validator 6.1.5.Final
2022-05-27 18:40:27,326 DEBUG (?:?)- Trying to load META-INF/validation.xml for XML based Validator configuration.
2022-05-27 18:40:27,327 DEBUG (?:?)- Trying to load META-INF/validation.xml via TCCL
2022-05-27 18:40:27,327 DEBUG (?:?)- Trying to load META-INF/validation.xml via Hibernate Validator's class loader
2022-05-27 18:40:27,328 DEBUG (?:?)- No META-INF/validation.xml found. Using annotation based configuration only.
2022-05-27 18:40:27,333 DEBUG (?:?)- Cannot find javax.persistence.Persistence on classpath. Assuming non JPA 2 environment. All properties will per default be traversable.
2022-05-27 18:40:27,338 DEBUG (?:?)- Apollo bootstrap config is not enabled for context org.springframework.context.annotation.AnnotationConfigApplicationContext@1f12e153, started on Thu Jan 01 08:00:00 CST 1970, see property: ${apollo.bootstrap.enabled}
2022-05-27 18:40:27,349 DEBUG (?:?)- Loading source class org.springframework.cloud.bootstrap.BootstrapImportSelectorConfiguration
2022-05-27 18:40:27,357 DEBUG (?:?)- Loaded expression factory via original TCCL
2022-05-27 18:40:27,504 DEBUG (?:?)- HV000252: Using org.hibernate.validator.internal.engine.DefaultPropertyNodeNameProvider as property node name provider.
2022-05-27 18:40:27,513 DEBUG (?:?)- HV000234: Using org.hibernate.validator.messageinterpolation.ResourceBundleMessageInterpolator as ValidatorFactory-scoped message interpolator.
2022-05-27 18:40:27,513 DEBUG (?:?)- HV000234: Using org.hibernate.validator.internal.engine.resolver.TraverseAllTraversableResolver as ValidatorFactory-scoped traversable resolver.
2022-05-27 18:40:27,513 DEBUG (?:?)- HV000234: Using org.hibernate.validator.internal.util.ExecutableParameterNameProvider as ValidatorFactory-scoped parameter name provider.
2022-05-27 18:40:27,513 DEBUG (?:?)- HV000234: Using org.hibernate.validator.internal.engine.DefaultClockProvider as ValidatorFactory-scoped clock provider.
2022-05-27 18:40:27,513 DEBUG (?:?)- HV000234: Using org.hibernate.validator.internal.engine.scripting.DefaultScriptEvaluatorFactory as ValidatorFactory-scoped script evaluator factory.
2022-05-27 18:40:27,609 DEBUG (?:?)- Refreshing org.springframework.context.annotation.AnnotationConfigApplicationContext@1f12e153
2022-05-27 18:40:27,626 DEBUG (?:?)- Creating shared instance of singleton bean 'org.springframework.context.annotation.internalConfigurationAnnotationProcessor'
2022-05-27 18:40:27,635 DEBUG (?:?)- Creating shared instance of singleton bean 'org.springframework.boot.autoconfigure.internalCachingMetadataReaderFactory'
2022-05-27 18:40:27,706 WARN (?:?)- For Jackson Kotlin classes support please add "com.fasterxml.jackson.module:jackson-module-kotlin" to the classpath
2022-05-27 18:40:27,782 DEBUG (?:?)- Creating shared instance of singleton bean 'propertySourcesPlaceholderConfigurer'
2022-05-27 18:40:27,785 DEBUG (?:?)- Creating shared instance of singleton bean 'org.springframework.context.event.internalEventListenerProcessor'
2022-05-27 18:40:27,786 DEBUG (?:?)- Creating shared instance of singleton bean 'org.springframework.context.event.internalEventListenerFactory'
2022-05-27 18:40:27,787 DEBUG (?:?)- Creating shared instance of singleton bean 'org.springframework.context.annotation.internalAutowiredAnnotationProcessor'
2022-05-27 18:40:27,789 DEBUG (?:?)- Creating shared instance of singleton bean 'org.springframework.context.annotation.internalCommonAnnotationProcessor'
2022-05-27 18:40:27,794 DEBUG (?:?)- Creating shared instance of singleton bean 'org.springframework.boot.context.properties.ConfigurationPropertiesBindingPostProcessor'
2022-05-27 18:40:27,795 DEBUG (?:?)- Creating shared instance of singleton bean 'org.springframework.boot.context.internalConfigurationPropertiesBinder'
2022-05-27 18:40:27,796 DEBUG (?:?)- Creating shared instance of singleton bean 'org.springframework.boot.context.internalConfigurationPropertiesBinderFactory'
2022-05-27 18:40:27,800 DEBUG (?:?)- Creating shared instance of singleton bean 'configurationPropertiesBeans'
2022-05-27 18:40:27,806 DEBUG (?:?)- Creating shared instance of singleton bean 'bootstrapImportSelectorConfiguration'
2022-05-27 18:40:27,808 DEBUG (?:?)- Creating shared instance of singleton bean 'org.springframework.cloud.bootstrap.config.PropertySourceBootstrapConfiguration'
2022-05-27 18:40:27,822 DEBUG (?:?)- Creating shared instance of singleton bean 'org.springframework.boot.context.properties.BoundConfigurationProperties'
2022-05-27 18:40:27,823 DEBUG (?:?)- Creating shared instance of singleton bean 'org.springframework.boot.context.properties.ConfigurationBeanFactoryMetadata'
2022-05-27 18:40:27,824 DEBUG (?:?)- Creating shared instance of singleton bean 'spring.cloud.config-org.springframework.cloud.bootstrap.config.PropertySourceBootstrapProperties'
2022-05-27 18:40:27,841 DEBUG (?:?)- Creating shared instance of singleton bean 'org.springframework.cloud.bootstrap.encrypt.EncryptionBootstrapConfiguration'
2022-05-27 18:40:27,843 DEBUG (?:?)- Creating shared instance of singleton bean 'encrypt-org.springframework.cloud.bootstrap.encrypt.KeyProperties'
2022-05-27 18:40:27,847 DEBUG (?:?)- Creating shared instance of singleton bean 'environmentDecryptApplicationListener'
2022-05-27 18:40:27,849 DEBUG (?:?)- Creating shared instance of singleton bean 'org.springframework.cloud.autoconfigure.ConfigurationPropertiesRebinderAutoConfiguration'
2022-05-27 18:40:27,856 DEBUG (?:?)- Creating shared instance of singleton bean 'configurationPropertiesRebinder'
2022-05-27 18:40:27,859 DEBUG (?:?)- Autowiring by type from bean name 'configurationPropertiesRebinder' via factory method to bean named 'configurationPropertiesBeans'
2022-05-27 18:40:27,873 DEBUG (?:?)- Creating shared instance of singleton bean 'org.springframework.boot.autoconfigure.context.PropertyPlaceholderAutoConfiguration'
2022-05-27 18:40:27,875 DEBUG (?:?)- Creating shared instance of singleton bean 'org.springframework.cloud.util.random.CachedRandomPropertySourceAutoConfiguration'
2022-05-27 18:40:27,891 DEBUG (?:?)- 


============================
CONDITIONS EVALUATION REPORT
============================


Positive matches:
-----------------

   ConfigurationPropertiesRebinderAutoConfiguration matched:
      - @ConditionalOnBean (types: org.springframework.boot.context.properties.ConfigurationPropertiesBindingPostProcessor; SearchStrategy: all) found bean 'org.springframework.boot.context.properties.ConfigurationPropertiesBindingPostProcessor' (OnBeanCondition)

   ConfigurationPropertiesRebinderAutoConfiguration#configurationPropertiesBeans matched:
      - @ConditionalOnMissingBean (types: org.springframework.cloud.context.properties.ConfigurationPropertiesBeans; SearchStrategy: current) did not find any beans (OnBeanCondition)

   ConfigurationPropertiesRebinderAutoConfiguration#configurationPropertiesRebinder matched:
      - @ConditionalOnMissingBean (types: org.springframework.cloud.context.properties.ConfigurationPropertiesRebinder; SearchStrategy: current) did not find any beans (OnBeanCondition)

   EncryptionBootstrapConfiguration matched:
      - @ConditionalOnClass found required class 'org.springframework.security.crypto.encrypt.TextEncryptor' (OnClassCondition)

   PropertyPlaceholderAutoConfiguration#propertySourcesPlaceholderConfigurer matched:
      - @ConditionalOnMissingBean (types: org.springframework.context.support.PropertySourcesPlaceholderConfigurer; SearchStrategy: current) did not find any beans (OnBeanCondition)


Negative matches:
-----------------

   ConsulDiscoveryClientConfigServiceBootstrapConfiguration:
      Did not match:
         - @ConditionalOnClass did not find required class 'org.springframework.cloud.config.client.ConfigServicePropertySourceLocator' (OnClassCondition)

   EncryptionBootstrapConfiguration.RsaEncryptionConfiguration:
      Did not match:
         - Keystore nor key found in Environment (EncryptionBootstrapConfiguration.KeyCondition)
      Matched:
         - @ConditionalOnClass found required class 'org.springframework.security.rsa.crypto.RsaSecretEncryptor' (OnClassCondition)

   EncryptionBootstrapConfiguration.VanillaEncryptionConfiguration:
      Did not match:
         - @ConditionalOnMissingClass found unwanted class 'org.springframework.security.rsa.crypto.RsaSecretEncryptor' (OnClassCondition)


Exclusions:
-----------

    None


Unconditional classes:
----------------------

    None



2022-05-27 18:40:27,894 DEBUG (?:?)- Found key 'spring.liveBeansView.mbeanDomain' in PropertySource 'systemProperties' with value of type String
2022-05-27 18:40:28,146 INFO (?:?)- The following profiles are active: qa
2022-05-27 18:40:29,487 INFO (?:?)- Multiple Spring Data modules found, entering strict repository configuration mode!
2022-05-27 18:40:29,489 INFO (?:?)- Bootstrapping Spring Data Redis repositories in DEFAULT mode.
2022-05-27 18:40:29,521 INFO (?:?)- Finished Spring Data repository scanning in 17ms. Found 0 Redis repository interfaces.
2022-05-27 18:40:29,631 WARN (?:?)- Endpoint ID 'service-registry' contains invalid characters, please migrate to a valid format.
2022-05-27 18:40:30,113 INFO (?:?)- BeanFactory id=602e36e2-6844-3980-ac02-47563f3f7a90
2022-05-27 18:40:30,253 INFO (?:?)- Bean 'org.springframework.retry.annotation.RetryConfiguration' of type [org.springframework.retry.annotation.RetryConfiguration$$EnhancerBySpringCGLIB$$c3476b8d] is not eligible for getting processed by all BeanPostProcessors (for example: not eligible for auto-proxying)
2022-05-27 18:40:30,568 INFO (?:?)- Bean 'spring.datasource.dynamic-com.baomidou.dynamic.datasource.spring.boot.autoconfigure.DynamicDataSourceProperties' of type [com.baomidou.dynamic.datasource.spring.boot.autoconfigure.DynamicDataSourceProperties] is not eligible for getting processed by all BeanPostProcessors (for example: not eligible for auto-proxying)
2022-05-27 18:40:30,591 INFO (?:?)- Bean 'com.baomidou.dynamic.datasource.spring.boot.autoconfigure.DynamicDataSourceAutoConfiguration' of type [com.baomidou.dynamic.datasource.spring.boot.autoconfigure.DynamicDataSourceAutoConfiguration$$EnhancerBySpringCGLIB$$37124439] is not eligible for getting processed by all BeanPostProcessors (for example: not eligible for auto-proxying)
2022-05-27 18:40:30,633 INFO (?:?)- Bean 'dsProcessor' of type [com.baomidou.dynamic.datasource.processor.DsHeaderProcessor] is not eligible for getting processed by all BeanPostProcessors (for example: not eligible for auto-proxying)
2022-05-27 18:40:30,661 INFO (?:?)- Bean 'com.mzt.logapi.starter.configuration.LogRecordProxyAutoConfiguration' of type [com.mzt.logapi.starter.configuration.LogRecordProxyAutoConfiguration$$EnhancerBySpringCGLIB$$4d891720] is not eligible for getting processed by all BeanPostProcessors (for example: not eligible for auto-proxying)
2022-05-27 18:40:30,689 INFO (?:?)- Bean 'parseFunction' of type [com.mzt.logapi.service.impl.DefaultParseFunction] is not eligible for getting processed by all BeanPostProcessors (for example: not eligible for auto-proxying)
2022-05-27 18:40:30,699 INFO (?:?)- Bean 'parseFunctionFactory' of type [com.mzt.logapi.service.impl.ParseFunctionFactory] is not eligible for getting processed by all BeanPostProcessors (for example: not eligible for auto-proxying)
2022-05-27 18:40:30,708 INFO (?:?)- Bean 'functionService' of type [com.mzt.logapi.service.impl.DefaultFunctionServiceImpl] is not eligible for getting processed by all BeanPostProcessors (for example: not eligible for auto-proxying)
2022-05-27 18:40:30,720 INFO (?:?)- Bean 'recordService' of type [com.mzt.logapi.service.impl.DefaultLogRecordServiceImpl] is not eligible for getting processed by all BeanPostProcessors (for example: not eligible for auto-proxying)
2022-05-27 18:40:30,723 INFO (?:?)- Bean 'operatorGetService' of type [com.mzt.logapi.service.impl.DefaultOperatorGetServiceImpl] is not eligible for getting processed by all BeanPostProcessors (for example: not eligible for auto-proxying)
2022-05-27 18:40:30,773 INFO (?:?)- Bean 'spring.sleuth.redis-org.springframework.cloud.sleuth.instrument.redis.TraceRedisProperties' of type [org.springframework.cloud.sleuth.instrument.redis.TraceRedisProperties] is not eligible for getting processed by all BeanPostProcessors (for example: not eligible for auto-proxying)
2022-05-27 18:40:31,145 INFO (?:?)- Tomcat initialized with port(s): 8095 (http)
2022-05-27 18:40:31,157 INFO (?:?)- Initializing ProtocolHandler ["http-nio-8095"]
2022-05-27 18:40:31,158 INFO (?:?)- Starting service [Tomcat]
2022-05-27 18:40:31,158 INFO (?:?)- Starting Servlet engine: [Apache Tomcat/9.0.37]
2022-05-27 18:40:31,295 INFO (?:?)- Initializing Spring embedded WebApplicationContext
2022-05-27 18:40:31,295 INFO (?:?)- Root WebApplicationContext: initialization completed in 3047 ms
2022-05-27 18:40:31,542 WARN (?:?)- No URLs will be polled as dynamic configuration sources.
2022-05-27 18:40:31,542 INFO (?:?)- To enable URLs as dynamic configuration sources, define System property archaius.configurationSource.additionalUrls or make config.properties available on classpath.
2022-05-27 18:40:31,548 INFO (?:?)- DynamicPropertyFactory is initialized with configuration sources: com.netflix.config.ConcurrentCompositeConfiguration@578d5d02
2022-05-27 18:40:35,996 INFO (?:?)- {dataSource-1,master} inited
2022-05-27 18:40:39,472 INFO (?:?)- {dataSource-2,slave} inited
2022-05-27 18:40:39,474 INFO (?:?)- dynamic-datasource - add a datasource named [slave] success
2022-05-27 18:40:39,474 INFO (?:?)- dynamic-datasource - add a datasource named [master] success
2022-05-27 18:40:39,474 INFO (?:?)- dynamic-datasource initial loaded [2] datasource,primary datasource named [master]
2022-05-27 18:40:40,252 INFO (?:?)- Redisson 3.15.2
2022-05-27 18:40:45,850 INFO (?:?)- 1 connections initialized for cn-qa-1.cache.doublefs.com/172.16.1.187:6379
2022-05-27 18:40:46,114 INFO (?:?)- 24 connections initialized for cn-qa-1.cache.doublefs.com/172.16.1.187:6379
2022-05-27 18:40:46,968 INFO (?:?)- 初始化redis缓存...
2022-05-27 18:40:47,355 INFO (?:?)- Initializing ExecutorService
2022-05-27 18:40:47,356 INFO (?:?)- Initializing ExecutorService 'commonThread'
2022-05-27 18:40:47,378 INFO (?:?)- Initializing ExecutorService
2022-05-27 18:40:47,378 INFO (?:?)- Initializing ExecutorService 'thread4Mq'
2022-05-27 18:40:47,478 INFO (?:?)- =======>xxl-job config init http://c3-sched-app01:8088/<=======
2022-05-27 18:40:47,491 INFO (?:?)- 初始化线程池......
2022-05-27 18:40:47,491 INFO (?:?)- CPU核心数:8  核心线程数:100 最大线程数:200 阻塞队列:200
2022-05-27 18:40:47,491 INFO (?:?)- Initializing ExecutorService 'taskExecutor'
2022-05-27 18:40:47,507 WARN (?:?)- No URLs will be polled as dynamic configuration sources.
2022-05-27 18:40:47,507 INFO (?:?)- To enable URLs as dynamic configuration sources, define System property archaius.configurationSource.additionalUrls or make config.properties available on classpath.
2022-05-27 18:40:48,732 WARN (?:?)- You already have RibbonLoadBalancerClient on your classpath. It will be used by default. As Spring Cloud Ribbon is in maintenance mode. We recommend switching to BlockingLoadBalancerClient instead. In order to use it, set the value of `spring.cloud.loadbalancer.ribbon.enabled` to `false` or remove spring-cloud-starter-netflix-ribbon from your project.
2022-05-27 18:40:48,912 INFO (?:?)- Initializing ExecutorService 'catalogWatchTaskScheduler'
2022-05-27 18:40:49,089 INFO (?:?)- Exposing 19 endpoint(s) beneath base path '/actuator'
2022-05-27 18:40:49,404 INFO (?:?)- >>>>>>>>>>> xxl-job remoting server start success, nettype = class com.xxl.job.core.server.EmbedServer, port = 9997
2022-05-27 18:40:49,462 INFO (?:?)- Starting ProtocolHandler ["http-nio-8095"]
2022-05-27 18:40:49,512 INFO (?:?)- Tomcat started on port(s): 8095 (http) with context path ''
2022-05-27 18:40:49,575 INFO (?:?)- Started QualityServiceWebApplication in 22.853 seconds (JVM running for 29.23)
2022-05-27 18:40:49,981 INFO (?:?)- Initializing Spring DispatcherServlet 'dispatcherServlet'
2022-05-27 18:40:49,983 INFO (?:?)- Initializing Servlet 'dispatcherServlet'
2022-05-27 18:40:50,012 INFO (?:?)- Completed initialization in 29 ms
